<?xml version="1.0" encoding="UTF-8"?>
<!-- Generated by org.testng.reporters.JUnitReportReporter -->
<testsuite hostname="LAPTOP-F75NTUBU" failures="0" tests="2" name="testNGTutorial.DriverACar" time="0.000" errors="0" timestamp="14 Jun 2020 13:32:05 GMT" skipped="1">
  <testcase classname="testNGTutorial.DriverACar" name="startTheCar" time="0.000"/>
  <testcase classname="testNGTutorial.DriverACar" name="trunOnMusic">
    <skipped/>
  </testcase> <!-- trunOnMusic -->
</testsuite> <!-- testNGTutorial.DriverACar -->
