<?xml version="1.0" encoding="UTF-8"?>
<!-- Generated by org.testng.reporters.JUnitReportReporter -->
<testsuite hostname="LAPTOP-F75NTUBU" failures="0" tests="4" name="loginTestCases.login" time="18.219" errors="0" timestamp="2021-07-19T23:19:04 IST" skipped="0">
  <testcase classname="loginTestCases.login" name="loginwithcorrectcredential" time="9.477"/>
  <system-out/>
  <testcase classname="loginTestCases.login" name="loginwithcorrectcredential" time="4.514"/>
  <system-out/>
  <testcase classname="loginTestCases.login" name="loginwithcorrectcredential" time="2.064"/>
  <system-out/>
  <testcase classname="loginTestCases.login" name="loginwithcorrectcredential" time="2.164"/>
  <system-out/>
</testsuite> <!-- loginTestCases.login -->
