<?xml version="1.0" encoding="UTF-8"?>
<!-- Generated by org.testng.reporters.JUnitReportReporter -->
<testsuite hostname="LAPTOP-F75NTUBU" failures="0" tests="1" name="testNGTutorial.AssertionsExample" time="0.108" errors="0" timestamp="2021-07-04T20:44:25 IST" skipped="0">
  <testcase classname="testNGTutorial.AssertionsExample" name="comparename" time="0.108"/>
  <system-out/>
</testsuite> <!-- testNGTutorial.AssertionsExample -->
