<?xml version="1.0" encoding="UTF-8"?>
<!-- Generated by org.testng.reporters.JUnitReportReporter -->
<testsuite hostname="LAPTOP-F75NTUBU" failures="0" tests="3" name="testNGTutorial.DependanciesManagment" time="0.019" errors="0" timestamp="2021-07-03T20:34:26 IST" skipped="0">
  <testcase classname="testNGTutorial.DependanciesManagment" name="highschool" time="0.014"/>
  <system-out/>
  <testcase classname="testNGTutorial.DependanciesManagment" name="engineering" time="0.001"/>
  <system-out/>
  <testcase classname="testNGTutorial.DependanciesManagment" name="highsecondary" time="0.004"/>
  <system-out/>
</testsuite> <!-- testNGTutorial.DependanciesManagment -->
