<?xml version="1.0" encoding="UTF-8"?>
<!-- Generated by org.testng.reporters.JUnitReportReporter -->
<testsuite hostname="LAPTOP-F75NTUBU" failures="0" tests="2" name="testNGTutorial.ParellelTestingExample" time="45.902" errors="0" timestamp="14 Jun 2020 15:33:45 GMT" skipped="0">
  <testcase classname="testNGTutorial.ParellelTestingExample" name="opengoogle" time="23.419"/>
  <testcase classname="testNGTutorial.ParellelTestingExample" name="openbing" time="22.483"/>
</testsuite> <!-- testNGTutorial.ParellelTestingExample -->
