<?xml version="1.0" encoding="UTF-8"?>
<!-- Generated by org.testng.reporters.JUnitReportReporter -->
<testsuite hostname="LAPTOP-F75NTUBU" failures="0" tests="1" name="testNGTutorial.Sampletestcase" time="0.019" errors="0" timestamp="2021-07-04T13:12:14 IST" skipped="0">
  <testcase classname="testNGTutorial.Sampletestcase" name="firsttestcase" time="0.019"/>
  <system-out/>
</testsuite> <!-- testNGTutorial.Sampletestcase -->
