<?xml version="1.0" encoding="UTF-8"?>
<!-- Generated by org.testng.reporters.JUnitReportReporter -->
<testsuite hostname="LAPTOP-F75NTUBU" failures="0" tests="1" name="loginTestCases.BothCorrect" time="55.259" errors="0" timestamp="16 Jun 2020 01:43:37 GMT" skipped="0">
  <testcase classname="loginTestCases.BothCorrect" name="loginwithcorrectcredential" time="55.259"/>
</testsuite> <!-- loginTestCases.BothCorrect -->
