<?xml version="1.0" encoding="UTF-8"?>
<!-- Generated by org.testng.reporters.JUnitReportReporter -->
<testsuite hostname="LAPTOP-F75NTUBU" failures="0" tests="4" name="testNGTutorial.GroupingExample" time="0.031" errors="0" timestamp="14 Jun 2020 14:06:18 GMT" skipped="0">
  <testcase classname="testNGTutorial.GroupingExample" name="apple2" time="0.002"/>
  <testcase classname="testNGTutorial.GroupingExample" name="apple1" time="0.012"/>
  <testcase classname="testNGTutorial.GroupingExample" name="realmi1" time="0.003"/>
  <testcase classname="testNGTutorial.GroupingExample" name="realmi2" time="0.014"/>
</testsuite> <!-- testNGTutorial.GroupingExample -->
