<?xml version="1.0" encoding="UTF-8"?>
<!-- Generated by org.testng.reporters.JUnitReportReporter -->
<testsuite hostname="LAPTOP-F75NTUBU" failures="0" tests="3" name="testNGTutorial.suiteExample" time="21.676" errors="0" timestamp="2021-07-03T22:10:05 IST" skipped="0">
  <testcase classname="testNGTutorial.suiteExample" name="openBing" time="1.776"/>
  <system-out/>
  <testcase classname="testNGTutorial.suiteExample" name="opengoogle" time="4.716"/>
  <system-out/>
  <testcase classname="testNGTutorial.suiteExample" name="openYahoo" time="15.184"/>
  <system-out/>
</testsuite> <!-- testNGTutorial.suiteExample -->
