<?xml version="1.0" encoding="UTF-8"?>
<!-- Generated by org.testng.reporters.JUnitReportReporter -->
<testsuite hostname="LAPTOP-F75NTUBU" failures="0" tests="2" name="testNGTutorial.AnnotationHierachyExample" time="0.000" errors="0" timestamp="15 Jun 2020 07:04:23 GMT" skipped="0">
  <testcase classname="testNGTutorial.AnnotationHierachyExample" name="test2" time="0.000"/>
  <testcase classname="testNGTutorial.AnnotationHierachyExample" name="test" time="0.000"/>
</testsuite> <!-- testNGTutorial.AnnotationHierachyExample -->
