<?xml version="1.0" encoding="UTF-8"?>
<!-- Generated by org.testng.reporters.JUnitReportReporter -->
<testsuite hostname="LAPTOP-F75NTUBU" failures="0" tests="1" name="loginTestCases.BothIncorrect" time="18.343" errors="0" timestamp="16 Jun 2020 01:43:37 GMT" skipped="0">
  <testcase classname="loginTestCases.BothIncorrect" name="loginwithincorrectusernamepassword" time="18.343"/>
</testsuite> <!-- loginTestCases.BothIncorrect -->
