<?xml version="1.0" encoding="UTF-8"?>
<!-- Generated by org.testng.reporters.JUnitReportReporter -->
<testsuite hostname="LAPTOP-F75NTUBU" failures="0" tests="2" name="testNGTutorial.ExtentreportsExample" time="0.091" errors="1" timestamp="2020-07-05T19:23:30 IST" skipped="1">
  <testcase classname="testNGTutorial.ExtentreportsExample" name="launch" time="0.091">
    <error message="VERSION_2_3_29" type="java.lang.NoSuchFieldError">
      <![CDATA[java.lang.NoSuchFieldError: VERSION_2_3_29
at com.aventstack.extentreports.reporter.BasicFileReporter.start(BasicFileReporter.java:98)
at com.aventstack.extentreports.ReportObservable.register(ReportObservable.java:192)
at java.base/java.util.Spliterators$ArraySpliterator.forEachRemaining(Spliterators.java:948)
at java.base/java.util.stream.ReferencePipeline$Head.forEach(ReferencePipeline.java:658)
at com.aventstack.extentreports.ExtentReports.attachReporter(ExtentReports.java:82)
at testNGTutorial.ExtentreportsExample.launch(ExtentreportsExample.java:32)
at java.base/jdk.internal.reflect.NativeMethodAccessorImpl.invoke0(Native Method)
at java.base/jdk.internal.reflect.NativeMethodAccessorImpl.invoke(NativeMethodAccessorImpl.java:62)
at java.base/jdk.internal.reflect.DelegatingMethodAccessorImpl.invoke(DelegatingMethodAccessorImpl.java:43)
at java.base/java.lang.reflect.Method.invoke(Method.java:567)
at org.testng.internal.MethodInvocationHelper.invokeMethod(MethodInvocationHelper.java:135)
at org.testng.internal.MethodInvocationHelper.invokeMethodConsideringTimeout(MethodInvocationHelper.java:64)
at org.testng.internal.ConfigInvoker.invokeConfigurationMethod(ConfigInvoker.java:364)
at org.testng.internal.ConfigInvoker.invokeConfigurations(ConfigInvoker.java:318)
at org.testng.SuiteRunner.privateRun(SuiteRunner.java:327)
at org.testng.SuiteRunner.run(SuiteRunner.java:286)
at org.testng.SuiteRunnerWorker.runSuite(SuiteRunnerWorker.java:53)
at org.testng.SuiteRunnerWorker.run(SuiteRunnerWorker.java:96)
at org.testng.TestNG.runSuitesSequentially(TestNG.java:1214)
at org.testng.TestNG.runSuitesLocally(TestNG.java:1136)
at org.testng.TestNG.runSuites(TestNG.java:1066)
at org.testng.TestNG.run(TestNG.java:1034)
at org.testng.remote.AbstractRemoteTestNG.run(AbstractRemoteTestNG.java:115)
at org.testng.remote.RemoteTestNG.initAndRun(RemoteTestNG.java:251)
at org.testng.remote.RemoteTestNG.main(RemoteTestNG.java:77)
]]>
    </error>
  </testcase> <!-- launch -->
  <system-out/>
  <testcase classname="testNGTutorial.ExtentreportsExample" name="action" time="0.000">
    <skipped/>
  </testcase> <!-- action -->
  <system-out/>
</testsuite> <!-- testNGTutorial.ExtentreportsExample -->
