<?xml version="1.0" encoding="UTF-8"?>
<!-- Generated by org.testng.reporters.JUnitReportReporter -->
<testsuite hostname="LAPTOP-F75NTUBU" failures="0" tests="1" name="testNGTutorial.ParameterizationExample" time="0.018" errors="0" timestamp="14 Jun 2020 14:38:45 GMT" skipped="0">
  <testcase classname="testNGTutorial.ParameterizationExample" name="favfruit" time="0.018"/>
</testsuite> <!-- testNGTutorial.ParameterizationExample -->
